2025-04-30 11:17:18 - app - INFO - Starting polling
2025-04-30 11:17:30 - app - INFO - Received start command from 1900362240
2025-04-30 11:17:39 - app - INFO - Received help command from 1900362240
2025-04-30 11:17:41 - app - INFO - Received about command from 1900362240
2025-04-30 12:58:06 - app - INFO - Starting polling
2025-04-30 12:58:15 - app - INFO - Received help command from 6715041286
2025-04-30 12:58:17 - app - INFO - Received start command from 6715041286
2025-04-30 12:58:43 - app - INFO - Received start command from 6715041286
2025-04-30 12:58:44 - app - INFO - Received start command from 6715041286
2025-04-30 12:59:37 - app - INFO - Starting polling
2025-04-30 12:59:39 - app - INFO - Received start command from 6715041286
2025-04-30 12:59:53 - app - INFO - Received start command from 6715041286
2025-04-30 13:00:15 - app - INFO - Received start command from 6715041286
2025-04-30 16:32:58 - app - INFO - Starting polling
2025-04-30 16:33:13 - app - INFO - Received start command from 6715041286
2025-04-30 16:33:14 - app - INFO - Received help command from 6715041286
2025-04-30 16:33:16 - app - INFO - Received about command from 6715041286
2025-04-30 16:33:23 - app - INFO - Received add command from 6715041286
2025-04-30 16:35:59 - app - INFO - Starting polling
2025-04-30 16:36:05 - app - INFO - Received add command from 6715041286
2025-04-30 16:36:51 - app - INFO - Received add command from 6715041286
2025-04-30 16:41:05 - app - INFO - Polling was cancelled
